# JRE version: Java(TM) SE Runtime Environment (17.0.9+11) (build 17.0.9+11-LTS-201)
# Java VM: Java HotSpot(TM) 64-Bit Server VM (17.0.9+11-LTS-201, mixed mode, sharing, tiered, compressed oops, compressed class ptrs, g1 gc, windows-amd64)
GC Precious Log:
 CPUs: 20 total, 20 available
 Memory: 48998M
 Large Page Support: Disabled
 NUMA Support: Disabled
 Compressed Oops: Enabled (32-bit)
 Heap Region Size: 1M
 Heap Min Capacity: 256M
 Heap Initial Capacity: 256M
 Heap Max Capacity: 512M
 Pre-touch: Disabled
 Parallel Workers: 15
 Concurrent Workers: 4
 Concurrent Refinement Workers: 15
 Periodic GC: Disabled
Heap:
 garbage-first heap   total 378880K, used 252969K [0x00000000e0000000, 0x0000000100000000)
  region size 1024K, 124 young (126976K), 14 survivors (14336K)
 Metaspace       used 85604K, committed 86976K, reserved 458752K
  class space    used 11154K, committed 11840K, reserved 327680K
GC Heap History (20 events):
Event: 7280.873 GC heap after
{Heap after GC invocations=83 (full 0):
 garbage-first heap   total 389120K, used 96522K [0x00000000e0000000, 0x0000000100000000)
  region size 1024K, 3 young (3072K), 3 survivors (3072K)
 Metaspace       used 85107K, committed 86464K, reserved 458752K
  class space    used 11134K, committed 11776K, reserved 327680K
}
Event: 7544.674 GC heap before
{Heap before GC invocations=83 (full 0):
 garbage-first heap   total 389120K, used 141578K [0x00000000e0000000, 0x0000000100000000)
  region size 1024K, 49 young (50176K), 3 survivors (3072K)
 Metaspace       used 85177K, committed 86528K, reserved 458752K
  class space    used 11134K, committed 11776K, reserved 327680K
}
Event: 7544.676 GC heap after
{Heap after GC invocations=84 (full 0):
 garbage-first heap   total 389120K, used 101268K [0x00000000e0000000, 0x0000000100000000)
  region size 1024K, 8 young (8192K), 8 survivors (8192K)
 Metaspace       used 85177K, committed 86528K, reserved 458752K
  class space    used 11134K, committed 11776K, reserved 327680K
}
Event: 7584.340 GC heap before
{Heap before GC invocations=85 (full 0):
 garbage-first heap   total 378880K, used 305044K [0x00000000e0000000, 0x0000000100000000)
  region size 1024K, 186 young (190464K), 8 survivors (8192K)
 Metaspace       used 85221K, committed 86592K, reserved 458752K
  class space    used 11134K, committed 11776K, reserved 327680K
}
Event: 7584.344 GC heap after
{Heap after GC invocations=86 (full 0):
 garbage-first heap   total 378880K, used 126388K [0x00000000e0000000, 0x0000000100000000)
  region size 1024K, 22 young (22528K), 22 survivors (22528K)
 Metaspace       used 85221K, committed 86592K, reserved 458752K
  class space    used 11134K, committed 11776K, reserved 327680K
}
Event: 7584.346 GC heap before
{Heap before GC invocations=86 (full 0):
 garbage-first heap   total 378880K, used 127412K [0x00000000e0000000, 0x0000000100000000)
  region size 1024K, 23 young (23552K), 22 survivors (22528K)
 Metaspace       used 85221K, committed 86592K, reserved 458752K
  class space    used 11134K, committed 11776K, reserved 327680K
}
Event: 7584.348 GC heap after
{Heap after GC invocations=87 (full 0):
 garbage-first heap   total 378880K, used 100507K [0x00000000e0000000, 0x0000000100000000)
  region size 1024K, 3 young (3072K), 3 survivors (3072K)
 Metaspace       used 85221K, committed 86592K, reserved 458752K
  class space    used 11134K, committed 11776K, reserved 327680K
}
Event: 7696.042 GC heap before
{Heap before GC invocations=87 (full 0):
 garbage-first heap   total 378880K, used 138395K [0x00000000e0000000, 0x0000000100000000)
  region size 1024K, 42 young (43008K), 3 survivors (3072K)
 Metaspace       used 85255K, committed 86592K, reserved 458752K
  class space    used 11135K, committed 11776K, reserved 327680K
}
Event: 7696.045 GC heap after
{Heap after GC invocations=88 (full 0):
 garbage-first heap   total 378880K, used 107483K [0x00000000e0000000, 0x0000000100000000)
  region size 1024K, 10 young (10240K), 10 survivors (10240K)
 Metaspace       used 85255K, committed 86592K, reserved 458752K
  class space    used 11135K, committed 11776K, reserved 327680K
}
Event: 7757.662 GC heap before
{Heap before GC invocations=89 (full 0):
 garbage-first heap   total 378880K, used 244699K [0x00000000e0000000, 0x0000000100000000)
  region size 1024K, 128 young (131072K), 10 survivors (10240K)
 Metaspace       used 85326K, committed 86656K, reserved 458752K
  class space    used 11135K, committed 11776K, reserved 327680K
}
Event: 7757.665 GC heap after
{Heap after GC invocations=90 (full 0):
 garbage-first heap   total 378880K, used 126885K [0x00000000e0000000, 0x0000000100000000)
  region size 1024K, 16 young (16384K), 16 survivors (16384K)
 Metaspace       used 85326K, committed 86656K, reserved 458752K
  class space    used 11135K, committed 11776K, reserved 327680K
}
Event: 7757.670 GC heap before
{Heap before GC invocations=90 (full 0):
 garbage-first heap   total 378880K, used 128933K [0x00000000e0000000, 0x0000000100000000)
  region size 1024K, 18 young (18432K), 16 survivors (16384K)
 Metaspace       used 85326K, committed 86656K, reserved 458752K
  class space    used 11135K, committed 11776K, reserved 327680K
}
Event: 7757.673 GC heap after
{Heap after GC invocations=91 (full 0):
 garbage-first heap   total 378880K, used 109611K [0x00000000e0000000, 0x0000000100000000)
  region size 1024K, 2 young (2048K), 2 survivors (2048K)
 Metaspace       used 85326K, committed 86656K, reserved 458752K
  class space    used 11135K, committed 11776K, reserved 327680K
}
Event: 7757.679 GC heap before
{Heap before GC invocations=91 (full 0):
 garbage-first heap   total 378880K, used 110635K [0x00000000e0000000, 0x0000000100000000)
  region size 1024K, 4 young (4096K), 2 survivors (2048K)
 Metaspace       used 85326K, committed 86656K, reserved 458752K
  class space    used 11135K, committed 11776K, reserved 327680K
}
Event: 7757.680 GC heap after
{Heap after GC invocations=92 (full 0):
 garbage-first heap   total 378880K, used 109402K [0x00000000e0000000, 0x0000000100000000)
  region size 1024K, 2 young (2048K), 2 survivors (2048K)
 Metaspace       used 85326K, committed 86656K, reserved 458752K
  class space    used 11135K, committed 11776K, reserved 327680K
}
Event: 8299.366 GC heap before
{Heap before GC invocations=93 (full 0):
 garbage-first heap   total 378880K, used 243546K [0x00000000e0000000, 0x0000000100000000)
  region size 1024K, 123 young (125952K), 2 survivors (2048K)
 Metaspace       used 85497K, committed 86848K, reserved 458752K
  class space    used 11137K, committed 11776K, reserved 327680K
}
Event: 8299.371 GC heap after
{Heap after GC invocations=94 (full 0):
 garbage-first heap   total 378880K, used 137300K [0x00000000e0000000, 0x0000000100000000)
  region size 1024K, 16 young (16384K), 16 survivors (16384K)
 Metaspace       used 85497K, committed 86848K, reserved 458752K
  class space    used 11137K, committed 11776K, reserved 327680K
}
Event: 8299.379 GC heap before
{Heap before GC invocations=94 (full 0):
 garbage-first heap   total 378880K, used 144468K [0x00000000e0000000, 0x0000000100000000)
  region size 1024K, 18 young (18432K), 16 survivors (16384K)
 Metaspace       used 85497K, committed 86848K, reserved 458752K
  class space    used 11137K, committed 11776K, reserved 327680K
}
Event: 8299.383 GC heap after
{Heap after GC invocations=95 (full 0):
 garbage-first heap   total 378880K, used 140579K [0x00000000e0000000, 0x0000000100000000)
  region size 1024K, 2 young (2048K), 2 survivors (2048K)
 Metaspace       used 85497K, committed 86848K, reserved 458752K
  class space    used 11137K, committed 11776K, reserved 327680K
}
Event: 8335.307 GC heap before
{Heap before GC invocations=95 (full 0):
 garbage-first heap   total 378880K, used 251171K [0x00000000e0000000, 0x0000000100000000)
  region size 1024K, 112 young (114688K), 2 survivors (2048K)
 Metaspace       used 85604K, committed 86976K, reserved 458752K
  class space    used 11154K, committed 11840K, reserved 327680K
}

